<?xml version="1.0" encoding="UTF-8"?>
<!-- Generated by org.testng.reporters.JUnitReportReporter -->
<testsuite skipped="0" hostname="Nitishv3148101" name="tests.LoginTest" tests="2" failures="0" timestamp="15 Jul 2021 12:55:38 GMT" time="13.632" errors="0">
  <testcase name="invalidLogin" time="6.048" classname="tests.LoginTest"/>
  <testcase name="validLogin" time="7.584" classname="tests.LoginTest"/>
</testsuite> <!-- tests.LoginTest -->
