<?xml version="1.0" encoding="UTF-8"?>
<!-- Generated by org.testng.reporters.JUnitReportReporter -->
<testsuite skipped="0" hostname="Nitishv3148101" name="tests.LoginTest" tests="2" failures="0" timestamp="19 Jul 2021 13:42:56 GMT" time="20.134" errors="0">
  <testcase name="invalidLogin" time="18.334" classname="tests.LoginTest"/>
  <testcase name="validLogin" time="1.800" classname="tests.LoginTest"/>
</testsuite> <!-- tests.LoginTest -->
