<?xml version="1.0" encoding="UTF-8"?>
<!-- Generated by org.testng.reporters.JUnitReportReporter -->
<testsuite skipped="0" hostname="Nitishv3148101" name="tests.LoginTest" tests="2" failures="0" timestamp="17 Jul 2021 06:06:39 GMT" time="16.218" errors="0">
  <testcase name="invalidLogin" time="7.272" classname="tests.LoginTest"/>
  <testcase name="validLogin" time="8.946" classname="tests.LoginTest"/>
</testsuite> <!-- tests.LoginTest -->
