<?xml version="1.0" encoding="UTF-8"?>
<!-- Generated by org.testng.reporters.JUnitReportReporter -->
<testsuite skipped="0" hostname="Nitishv3148101" name="tests.StatusCodeTest" tests="4" failures="0" timestamp="19 Jul 2021 13:42:56 GMT" time="3.171" errors="0">
  <testcase name="statusCodeAs500" time="0.809" classname="tests.StatusCodeTest"/>
  <testcase name="statusCodeAs200" time="0.732" classname="tests.StatusCodeTest"/>
  <testcase name="statusCodeAs404" time="0.839" classname="tests.StatusCodeTest"/>
  <testcase name="statusCodeAs301" time="0.791" classname="tests.StatusCodeTest"/>
</testsuite> <!-- tests.StatusCodeTest -->
