<?xml version="1.0" encoding="UTF-8"?>
<!-- Generated by org.testng.reporters.JUnitReportReporter -->
<testsuite skipped="0" hostname="Nitishv3148101" name="tests.StatusCodeTest" tests="4" failures="0" timestamp="20 Jul 2021 13:12:47 GMT" time="4.705" errors="0">
  <testcase name="statusCodeAs500" time="1.178" classname="tests.StatusCodeTest"/>
  <testcase name="statusCodeAs200" time="1.193" classname="tests.StatusCodeTest"/>
  <testcase name="statusCodeAs301" time="1.168" classname="tests.StatusCodeTest"/>
  <testcase name="statusCodeAs404" time="1.166" classname="tests.StatusCodeTest"/>
</testsuite> <!-- tests.StatusCodeTest -->
