<?xml version="1.0" encoding="UTF-8"?>
<!-- Generated by org.testng.reporters.JUnitReportReporter -->
<testsuite skipped="0" hostname="Nitishv3148101" name="tests.StatusCodeTest" tests="4" failures="0" timestamp="21 Jul 2021 13:48:43 GMT" time="3.607" errors="0">
  <testcase name="statusCodeAs404" time="0.921" classname="tests.StatusCodeTest"/>
  <testcase name="statusCodeAs200" time="0.922" classname="tests.StatusCodeTest"/>
  <testcase name="statusCodeAs500" time="0.888" classname="tests.StatusCodeTest"/>
  <testcase name="statusCodeAs301" time="0.876" classname="tests.StatusCodeTest"/>
</testsuite> <!-- tests.StatusCodeTest -->
