<?xml version="1.0" encoding="UTF-8"?>
<!-- Generated by org.testng.reporters.JUnitReportReporter -->
<testsuite skipped="0" hostname="Nitishv3148101" name="tests.LoginTest" tests="2" failures="0" timestamp="20 Jul 2021 13:12:47 GMT" time="8.854" errors="0">
  <testcase name="invalidLogin" time="6.467" classname="tests.LoginTest"/>
  <testcase name="validLogin" time="2.387" classname="tests.LoginTest"/>
</testsuite> <!-- tests.LoginTest -->
