<?xml version="1.0" encoding="UTF-8"?>
<!-- Generated by org.testng.reporters.JUnitReportReporter -->
<testsuite skipped="0" hostname="Nitishv3148101" name="tests.LoginTest" tests="2" failures="0" timestamp="15 Jul 2021 12:47:43 GMT" time="17.106" errors="0">
  <testcase name="invalidLogin" time="7.807" classname="tests.LoginTest"/>
  <testcase name="validLogin" time="9.299" classname="tests.LoginTest"/>
</testsuite> <!-- tests.LoginTest -->
