<?xml version="1.0" encoding="UTF-8"?>
<!-- Generated by org.testng.reporters.JUnitReportReporter -->
<testsuite skipped="0" hostname="Nitishv3148101" name="tests.LoginTest" tests="2" failures="0" timestamp="21 Jul 2021 13:48:43 GMT" time="6.377" errors="0">
  <testcase name="validLogin" time="1.224" classname="tests.LoginTest"/>
  <testcase name="invalidLogin" time="5.153" classname="tests.LoginTest"/>
</testsuite> <!-- tests.LoginTest -->
