<?xml version="1.0" encoding="UTF-8"?>
<!-- Generated by org.testng.reporters.JUnitReportReporter -->
<testsuite skipped="0" hostname="Nitishv3148101" name="tests.LoginTest" tests="1" failures="0" timestamp="15 Jul 2021 08:12:13 GMT" time="17.795" errors="0">
  <testcase name="invalidLogin" time="17.795" classname="tests.LoginTest"/>
</testsuite> <!-- tests.LoginTest -->
