<?xml version="1.0" encoding="UTF-8"?>
<!-- Generated by org.testng.reporters.JUnitReportReporter -->
<testsuite skipped="0" hostname="Nitishv3148101" name="tests.LoginTest" tests="2" failures="0" timestamp="2021-07-15T15:45:04 IST" time="17.739" errors="0">
  <testcase name="invalidLogin" time="10.565" classname="tests.LoginTest"/>
  <system-out/>
  <testcase name="validLogin" time="7.174" classname="tests.LoginTest"/>
  <system-out/>
</testsuite> <!-- tests.LoginTest -->
